[0.030s] Invoking command in '/home/cwrubotics/westinghouseCode/build/hw_ctl': CMAKE_PREFIX_PATH=/opt/ros/humble /usr/bin/cmake /home/cwrubotics/westinghouseCode/src/hw_ctl -DCMAKE_INSTALL_PREFIX=/home/cwrubotics/westinghouseCode/install/hw_ctl
[0.102s] -- The C compiler identification is GNU 11.4.0
[0.156s] -- The CXX compiler identification is GNU 11.4.0
[0.160s] -- Detecting C compiler ABI info
[0.209s] -- Detecting C compiler ABI info - done
[0.214s] -- Check for working C compiler: /usr/bin/cc - skipped
[0.214s] -- Detecting C compile features
[0.214s] -- Detecting C compile features - done
[0.217s] -- Detecting CXX compiler ABI info
[0.271s] -- Detecting CXX compiler ABI info - done
[0.275s] -- Check for working CXX compiler: /usr/bin/c++ - skipped
[0.276s] -- Detecting CXX compile features
[0.276s] -- Detecting CXX compile features - done
[0.277s] -- Found ament_cmake: 1.3.8 (/opt/ros/humble/share/ament_cmake/cmake)
[0.361s] -- Found Python3: /usr/bin/python3 (found version "3.10.12") found components: Interpreter 
[0.410s] -- Found ament_lint_auto: 0.12.10 (/opt/ros/humble/share/ament_lint_auto/cmake)
[0.458s] -- Added test 'lint_cmake' to check CMake code style
[0.458s] -- Added test 'xmllint' to check XML markup files
[0.459s] -- Configuring done
[0.460s] -- Generating done
[0.461s] -- Build files have been written to: /home/cwrubotics/westinghouseCode/build/hw_ctl
[0.464s] Invoked command in '/home/cwrubotics/westinghouseCode/build/hw_ctl' returned '0': CMAKE_PREFIX_PATH=/opt/ros/humble /usr/bin/cmake /home/cwrubotics/westinghouseCode/src/hw_ctl -DCMAKE_INSTALL_PREFIX=/home/cwrubotics/westinghouseCode/install/hw_ctl
[0.465s] Invoking command in '/home/cwrubotics/westinghouseCode/build/hw_ctl': CMAKE_PREFIX_PATH=/opt/ros/humble /usr/bin/cmake --build /home/cwrubotics/westinghouseCode/build/hw_ctl -- -j8 -l8
[0.490s] Invoked command in '/home/cwrubotics/westinghouseCode/build/hw_ctl' returned '0': CMAKE_PREFIX_PATH=/opt/ros/humble /usr/bin/cmake --build /home/cwrubotics/westinghouseCode/build/hw_ctl -- -j8 -l8
[0.513s] Invoking command in '/home/cwrubotics/westinghouseCode/build/hw_ctl': CMAKE_PREFIX_PATH=/opt/ros/humble /usr/bin/cmake --install /home/cwrubotics/westinghouseCode/build/hw_ctl
[0.518s] -- Install configuration: ""
[0.518s] -- Installing: /home/cwrubotics/westinghouseCode/install/hw_ctl/share/ament_index/resource_index/package_run_dependencies/hw_ctl
[0.518s] -- Installing: /home/cwrubotics/westinghouseCode/install/hw_ctl/share/ament_index/resource_index/parent_prefix_path/hw_ctl
[0.518s] -- Installing: /home/cwrubotics/westinghouseCode/install/hw_ctl/share/hw_ctl/environment/ament_prefix_path.sh
[0.518s] -- Installing: /home/cwrubotics/westinghouseCode/install/hw_ctl/share/hw_ctl/environment/ament_prefix_path.dsv
[0.518s] -- Installing: /home/cwrubotics/westinghouseCode/install/hw_ctl/share/hw_ctl/environment/path.sh
[0.518s] -- Installing: /home/cwrubotics/westinghouseCode/install/hw_ctl/share/hw_ctl/environment/path.dsv
[0.518s] -- Installing: /home/cwrubotics/westinghouseCode/install/hw_ctl/share/hw_ctl/local_setup.bash
[0.518s] -- Installing: /home/cwrubotics/westinghouseCode/install/hw_ctl/share/hw_ctl/local_setup.sh
[0.518s] -- Installing: /home/cwrubotics/westinghouseCode/install/hw_ctl/share/hw_ctl/local_setup.zsh
[0.518s] -- Installing: /home/cwrubotics/westinghouseCode/install/hw_ctl/share/hw_ctl/local_setup.dsv
[0.518s] -- Installing: /home/cwrubotics/westinghouseCode/install/hw_ctl/share/hw_ctl/package.dsv
[0.518s] -- Installing: /home/cwrubotics/westinghouseCode/install/hw_ctl/share/ament_index/resource_index/packages/hw_ctl
[0.518s] -- Installing: /home/cwrubotics/westinghouseCode/install/hw_ctl/share/hw_ctl/cmake/hw_ctlConfig.cmake
[0.518s] -- Installing: /home/cwrubotics/westinghouseCode/install/hw_ctl/share/hw_ctl/cmake/hw_ctlConfig-version.cmake
[0.518s] -- Installing: /home/cwrubotics/westinghouseCode/install/hw_ctl/share/hw_ctl/package.xml
[0.520s] Invoked command in '/home/cwrubotics/westinghouseCode/build/hw_ctl' returned '0': CMAKE_PREFIX_PATH=/opt/ros/humble /usr/bin/cmake --install /home/cwrubotics/westinghouseCode/build/hw_ctl
